Flutter crash report; please file at https://github.com/flutter/flutter/issues.

## command

flutter --no-color run --machine --track-widget-creation --device-id=emulator-5554 lib\main.dart

## exception

VersionCheckError: VersionCheckError: Command exited with code 1: git -c log.showSignature=false log -n 1 --pretty=format:%ad --date=iso
Standard error: error launching git: The process cannot access the file because it is being used by another process.


```
#0      _runSync (package:flutter_tools/src/version.dart:543:5)
#1      FlutterVersion._latestGitCommitDate (package:flutter_tools/src/version.dart:143:12)
#2      FlutterVersion.frameworkCommitDate (package:flutter_tools/src/version.dart:133:37)
#3      FlutterVersion.checkFlutterVersionFreshness (package:flutter_tools/src/version.dart:294:62)
#4      FlutterCommandRunner.runCommand.<anonymous closure> (package:flutter_tools/src/runner/flutter_command_runner.dart:388:41)
<asynchronous suspension>
#5      AppContext.run.<anonymous closure> (package:flutter_tools/src/base/context.dart:146:29)
#6      _rootRun (dart:async/zone.dart:1126:13)
#7      _CustomZone.run (dart:async/zone.dart:1023:19)
#8      _runZoned (dart:async/zone.dart:1518:10)
#9      runZoned (dart:async/zone.dart:1465:12)
#10     AppContext.run (package:flutter_tools/src/base/context.dart:145:18)
#11     FlutterCommandRunner.runCommand (package:flutter_tools/src/runner/flutter_command_runner.dart:364:19)
#12     CommandRunner.run.<anonymous closure> (package:args/command_runner.dart:112:25)
#13     new Future.sync (dart:async/future.dart:224:31)
#14     CommandRunner.run (package:args/command_runner.dart:112:14)
#15     FlutterCommandRunner.run (package:flutter_tools/src/runner/flutter_command_runner.dart:250:18)
#16     run.<anonymous closure>.<anonymous closure> (package:flutter_tools/runner.dart:63:22)
#17     _rootRun (dart:async/zone.dart:1126:13)
#18     _CustomZone.run (dart:async/zone.dart:1023:19)
#19     _runZoned (dart:async/zone.dart:1518:10)
#20     runZoned (dart:async/zone.dart:1502:12)
#21     run.<anonymous closure> (package:flutter_tools/runner.dart:61:18)
<asynchronous suspension>
#22     AppContext.run.<anonymous closure> (package:flutter_tools/src/base/context.dart:146:29)
#23     _rootRun (dart:async/zone.dart:1126:13)
#24     _CustomZone.run (dart:async/zone.dart:1023:19)
#25     _runZoned (dart:async/zone.dart:1518:10)
#26     runZoned (dart:async/zone.dart:1465:12)
#27     AppContext.run (package:flutter_tools/src/base/context.dart:145:18)
#28     runInContext (package:flutter_tools/src/context_runner.dart:64:24)
#29     run (package:flutter_tools/runner.dart:50:10)
#30     main (package:flutter_tools/executable.dart:65:9)
#31     main (file:///C:/b/s/w/ir/k/archive/flutter/packages/flutter_tools/bin/flutter_tools.dart:8:3)
#32     _startIsolate.<anonymous closure> (dart:isolate-patch/isolate_patch.dart:305:32)
#33     _RawReceivePortImpl._handleMessage (dart:isolate-patch/isolate_patch.dart:174:12)
```

## flutter doctor

```
[✓] Flutter (Channel stable, v1.12.13+hotfix.5, on Microsoft Windows [Version 10.0.18362.592], locale en-US)
    • Flutter version 1.12.13+hotfix.5 at C:\src\flutter
    • Framework revision 27321ebbad (8 weeks ago), 2019-12-10 18:15:01 -0800
    • Engine revision 2994f7e1e6
    • Dart version 2.7.0

[✓] Android toolchain - develop for Android devices (Android SDK version 29.0.2)
    • Android SDK at C:\Users\HP\AppData\Local\Android\sdk
    • Android NDK location not configured (optional; useful for native profiling support)
    • Platform android-29, build-tools 29.0.2
    • Java binary at: C:\Program Files\Android\Android Studio\jre\bin\java
    • Java version OpenJDK Runtime Environment (build 1.8.0_202-release-1483-b03)
    • All Android licenses accepted.

[✓] Android Studio (version 3.5)
    • Android Studio at C:\Program Files\Android\Android Studio
    • Flutter plugin version 42.1.1
    • Dart plugin version 191.8593
    • Java version OpenJDK Runtime Environment (build 1.8.0_202-release-1483-b03)

[✓] VS Code (version 1.41.1)
    • VS Code at C:\Users\HP\AppData\Local\Programs\Microsoft VS Code
    • Flutter extension version 3.7.1

[✓] Connected device (1 available)
    • AOSP on IA Emulator • emulator-5554 • android-x86 • Android 9 (API 28) (emulator)

• No issues found!
```
